Determining if the pthread_create exist failed with the following output:
Change Dir: /home/uisee/Desktop/lidar3d_display/cmake-build-debug/CMakeFiles/CMakeTmp

Run Build Command:"/usr/bin/make" "cmTC_8f10a/fast"
/usr/bin/make -f CMakeFiles/cmTC_8f10a.dir/build.make CMakeFiles/cmTC_8f10a.dir/build
make[1]: Entering directory '/home/uisee/Desktop/lidar3d_display/cmake-build-debug/CMakeFiles/CMakeTmp'
Building C object CMakeFiles/cmTC_8f10a.dir/CheckSymbolExists.c.o
/usr/bin/cc     -o CMakeFiles/cmTC_8f10a.dir/CheckSymbolExists.c.o   -c /home/uisee/Desktop/lidar3d_display/cmake-build-debug/CMakeFiles/CMakeTmp/CheckSymbolExists.c
Linking C executable cmTC_8f10a
/usr/bin/cmake -E cmake_link_script CMakeFiles/cmTC_8f10a.dir/link.txt --verbose=1
/usr/bin/cc       CMakeFiles/cmTC_8f10a.dir/CheckSymbolExists.c.o  -o cmTC_8f10a 
CMakeFiles/cmTC_8f10a.dir/CheckSymbolExists.c.o：在函数‘main’中：
CheckSymbolExists.c:(.text+0x16)：对‘pthread_create’未定义的引用
collect2: error: ld returned 1 exit status
CMakeFiles/cmTC_8f10a.dir/build.make:97: recipe for target 'cmTC_8f10a' failed
make[1]: *** [cmTC_8f10a] Error 1
make[1]: Leaving directory '/home/uisee/Desktop/lidar3d_display/cmake-build-debug/CMakeFiles/CMakeTmp'
Makefile:126: recipe for target 'cmTC_8f10a/fast' failed
make: *** [cmTC_8f10a/fast] Error 2

File /home/uisee/Desktop/lidar3d_display/cmake-build-debug/CMakeFiles/CMakeTmp/CheckSymbolExists.c:
/* */
#include <pthread.h>

int main(int argc, char** argv)
{
  (void)argv;
#ifndef pthread_create
  return ((int*)(&pthread_create))[argc];
#else
  (void)argc;
  return 0;
#endif
}

Determining if the function pthread_create exists in the pthreads failed with the following output:
Change Dir: /home/uisee/Desktop/lidar3d_display/cmake-build-debug/CMakeFiles/CMakeTmp

Run Build Command:"/usr/bin/make" "cmTC_b2fca/fast"
/usr/bin/make -f CMakeFiles/cmTC_b2fca.dir/build.make CMakeFiles/cmTC_b2fca.dir/build
make[1]: Entering directory '/home/uisee/Desktop/lidar3d_display/cmake-build-debug/CMakeFiles/CMakeTmp'
Building C object CMakeFiles/cmTC_b2fca.dir/CheckFunctionExists.c.o
/usr/bin/cc    -DCHECK_FUNCTION_EXISTS=pthread_create   -o CMakeFiles/cmTC_b2fca.dir/CheckFunctionExists.c.o   -c /usr/share/cmake-3.5/Modules/CheckFunctionExists.c
Linking C executable cmTC_b2fca
/usr/bin/cmake -E cmake_link_script CMakeFiles/cmTC_b2fca.dir/link.txt --verbose=1
/usr/bin/cc   -DCHECK_FUNCTION_EXISTS=pthread_create    CMakeFiles/cmTC_b2fca.dir/CheckFunctionExists.c.o  -o cmTC_b2fca -lpthreads 
/usr/bin/ld: 找不到 -lpthreads
collect2: error: ld returned 1 exit status
CMakeFiles/cmTC_b2fca.dir/build.make:97: recipe for target 'cmTC_b2fca' failed
make[1]: *** [cmTC_b2fca] Error 1
make[1]: Leaving directory '/home/uisee/Desktop/lidar3d_display/cmake-build-debug/CMakeFiles/CMakeTmp'
Makefile:126: recipe for target 'cmTC_b2fca/fast' failed
make: *** [cmTC_b2fca/fast] Error 2


